<?xml version='1.0'?>
<ns2:test-suite xmlns:ns2='urn:model.allure.qatools.yandex.ru' start='1554750082887' stop='1554750124870'>
    <name>[WPCOM] Comments: (desktop) Commenting and replying to newly created post: @parallel @jetpack</name>
    <title>[WPCOM] Comments: (desktop) Commenting and replying to newly created post: @parallel @jetpack</title>
    <test-cases>
        <test-case start='1554750082887' status='passed' stop='1554750090819'>
            <name>Can login and create a new post</name>
            <title>Can login and create a new post</title>
            <labels/>
            <parameters/>
            <steps/>
            <attachments/>
        </test-case>
        <test-case start='1554750090819' status='passed' stop='1554750102200'>
            <name>Can publish and visit site</name>
            <title>Can publish and visit site</title>
            <labels/>
            <parameters/>
            <steps/>
            <attachments/>
        </test-case>
        <test-case start='1554750102200' status='broken' stop='1554750124866'>
            <name>Can post a comment</name>
            <title>Can post a comment</title>
            <labels/>
            <parameters/>
            <steps/>
            <attachments/>
            <failure>
                <message>Timed out waiting for element with xpath of '//div[@class='comment-content']/p[.='Burly Zebras Whine Clearly']' to be present and displayed
                Wait timed out after 20398ms</message>
                <stack-trace>TimeoutError: Timed out waiting for element with xpath of '//div[@class='comment-content']/p[.='Burly Zebras Whine Clearly']' to be present and displayed
                Wait timed out after 20398ms
                    at /Users/brentsessions/git/wp-calypso/test/e2e/node_modules/selenium-webdriver/lib/webdriver.js:834:17
                    at process._tickCallback (internal/process/next_tick.js:68:7)</stack-trace>
            </failure>
        </test-case>
        <test-case start='1554750124866' status='pending' stop='1554750124866'>
            <name>Can post a reply</name>
            <title>Can post a reply</title>
            <labels/>
            <parameters/>
            <steps/>
            <attachments/>
            <failure>
                <message>Test ignored</message>
                <stack-trace>undefined</stack-trace>
            </failure>
        </test-case>
    </test-cases>
</ns2:test-suite>