<?xml version="1.0" encoding="UTF-8"?>
<testsuites name="Mocha Tests" time="5.7650" tests="7" failures="1">
  <testsuite name="Root Suite" timestamp="2021-06-11T21:24:25" tests="0" time="0.0000" failures="0">
  </testsuite>
  <testsuite name="[WPCOM] Support: (desktop) @parallel" timestamp="2021-06-11T21:24:27" tests="0" file="/Users/edwintakahashi/workspace/wp-calypso-second/test/e2e/specs/specs-playwright/wp-support__search-spec.js" time="0.0000" failures="0">
  </testsuite>
  <testsuite name="Search for a support topic" timestamp="2021-06-11T21:24:27" tests="7" file="/Users/edwintakahashi/workspace/wp-calypso-second/test/e2e/specs/specs-playwright/wp-support__search-spec.js" time="5.7650" failures="1">
    <testcase name="[WPCOM] Support: (desktop) @parallel Search for a support topic Log in" time="4.4260" classname="Log in">
    </testcase>
    <testcase name="[WPCOM] Support: (desktop) @parallel Search for a support topic Open Settings page" time="0.5870" classname="Open Settings page">
    </testcase>
    <testcase name="[WPCOM] Support: (desktop) @parallel Search for a support topic Open support popover" time="0.6800" classname="Open support popover">
    </testcase>
    <testcase name="[WPCOM] Support: (desktop) @parallel Search for a support topic Displays default entries" time="0.0140" classname="Displays default entries">
    </testcase>
    <testcase name="[WPCOM] Support: (desktop) @parallel Search for a support topic Enter search keyword" time="0.0490" classname="Enter search keyword">
    </testcase>
    <testcase name="[WPCOM] Support: (desktop) @parallel Search for a support topic Search results are shown" time="0.0090" classname="Search results are shown">
      <failure message="Expected values to be strictly equal:

4 !== 0
" type="AssertionError"><![CDATA[AssertionError [ERR_ASSERTION]: Expected values to be strictly equal:

4 !== 0

    at Context.<anonymous> (specs/specs-playwright/wp-support__search-spec.js:47:11)]]></failure>
    </testcase>
  </testsuite>
</testsuites>